<?xml version="1.0" encoding="UTF-8"?>
<!-- Generated by org.testng.reporters.JUnitReportReporter -->
<testsuite hostname="MSDT112" failures="0" tests="3" name="Parameters.Path" time="2.854" errors="0" timestamp="2022-04-01T20:13:37 IST" skipped="0">
  <testcase classname="Parameters.Path" name="A" time="2.126"/>
  <system-out/>
  <testcase classname="Parameters.Path" name="B" time="0.620"/>
  <system-out/>
  <testcase classname="Parameters.Path" name="C" time="0.108"/>
  <system-out/>
</testsuite> <!-- Parameters.Path -->
