<?xml version="1.0" encoding="UTF-8"?>
<!-- Generated by org.testng.reporters.JUnitReportReporter -->
<testsuite hostname="MSDT112" failures="0" tests="1" name="Bravvox.EditEvent" time="1.961" errors="0" timestamp="2022-04-12T16:49:20 IST" skipped="0">
  <testcase classname="Bravvox.EditEvent" name="Updateevent" time="1.961"/>
  <system-out/>
</testsuite> <!-- Bravvox.EditEvent -->
