<?xml version="1.0" encoding="UTF-8"?>
<!-- Generated by org.testng.reporters.JUnitReportReporter -->
<testsuite hostname="MSDT112" failures="0" tests="1" name="Bravvox.NotAttendingEvent" time="3.889" errors="0" timestamp="2022-04-12T19:42:29 IST" skipped="0">
  <testcase classname="Bravvox.NotAttendingEvent" name="nonattending" time="3.889"/>
  <system-out/>
</testsuite> <!-- Bravvox.NotAttendingEvent -->
