<?xml version="1.0" encoding="UTF-8"?>
<!-- Generated by org.testng.reporters.JUnitReportReporter -->
<testsuite hostname="MSDT112" failures="0" tests="1" name="Bravvox.POST.UnblockUserfromEvent" time="1.765" errors="0" timestamp="2022-04-15T17:57:38 IST" skipped="0">
  <testcase classname="Bravvox.POST.UnblockUserfromEvent" name="UnBlock" time="1.765"/>
  <system-out/>
</testsuite> <!-- Bravvox.POST.UnblockUserfromEvent -->
