<?xml version="1.0" encoding="UTF-8"?>
<!-- Generated by org.testng.reporters.JUnitReportReporter -->
<testsuite hostname="MSDT112" failures="0" tests="1" name="Authentication.Preemptive" time="2.838" errors="0" timestamp="2022-04-06T13:06:07 IST" skipped="0">
  <testcase classname="Authentication.Preemptive" name="Auth_01" time="2.838"/>
  <system-out/>
</testsuite> <!-- Authentication.Preemptive -->
