<?xml version="1.0" encoding="UTF-8"?>
<!-- Generated by org.testng.reporters.JUnitReportReporter -->
<testsuite hostname="MSDT112" failures="0" tests="1" name="Authentication.Login" time="3.815" errors="0" timestamp="2022-03-28T19:34:08 IST" skipped="0">
  <testcase classname="Authentication.Login" name="Log" time="3.815"/>
  <system-out/>
</testsuite> <!-- Authentication.Login -->
