<?xml version="1.0" encoding="UTF-8"?>
<!-- Generated by org.testng.reporters.JUnitReportReporter -->
<testsuite hostname="MSDT112" failures="0" tests="1" name="Bravvox.Base" time="2.733" errors="0" timestamp="2022-04-12T13:16:14 IST" skipped="0">
  <testcase classname="Bravvox.Base" name="access" time="2.733"/>
  <system-out/>
</testsuite> <!-- Bravvox.Base -->
