<?xml version="1.0" encoding="UTF-8"?>
<!-- Generated by org.testng.reporters.JUnitReportReporter -->
<testsuite hostname="MSDT112" failures="0" tests="1" name="Bravvox.CreateEvent" time="1.659" errors="0" timestamp="2022-04-12T16:49:20 IST" skipped="0">
  <testcase classname="Bravvox.CreateEvent" name="CreateEvent" time="1.659"/>
  <system-out/>
</testsuite> <!-- Bravvox.CreateEvent -->
