<?xml version="1.0" encoding="UTF-8"?>
<!-- Generated by org.testng.reporters.JUnitReportReporter -->
<testsuite hostname="MSDT112" failures="0" tests="1" name="Bravvox.CreatenewEvent" time="4.189" errors="0" timestamp="2022-04-12T13:34:26 IST" skipped="0">
  <testcase classname="Bravvox.CreatenewEvent" name="access" time="4.189"/>
  <system-out/>
</testsuite> <!-- Bravvox.CreatenewEvent -->
