<?xml version="1.0" encoding="UTF-8"?>
<!-- Generated by org.testng.reporters.JUnitReportReporter -->
<testsuite hostname="MSDT112" failures="0" tests="1" name="Authentication.OAuth2" time="2.051" errors="0" timestamp="2022-03-29T17:58:44 IST" skipped="0">
  <testcase classname="Authentication.OAuth2" name="O" time="2.051"/>
  <system-out/>
</testsuite> <!-- Authentication.OAuth2 -->
