<?xml version="1.0" encoding="UTF-8"?>
<!-- Generated by org.testng.reporters.JUnitReportReporter -->
<testsuite hostname="MSDT112" failures="0" tests="1" name="Bravvox.CreatePostNonmember" time="4.329" errors="0" timestamp="2022-04-12T18:49:01 IST" skipped="0">
  <testcase classname="Bravvox.CreatePostNonmember" name="PostbyNonmember" time="4.329"/>
  <system-out/>
</testsuite> <!-- Bravvox.CreatePostNonmember -->
