<?xml version="1.0" encoding="UTF-8"?>
<!-- Generated by org.testng.reporters.JUnitReportReporter -->
<testsuite hostname="MSDT112" failures="0" tests="1" name="Test02" time="2.739" errors="0" timestamp="2022-03-24T16:20:00 IST" skipped="0">
  <testcase classname="Test02" name="test_02" time="2.739"/>
  <system-out/>
</testsuite> <!-- Test02 -->
