<?xml version="1.0" encoding="UTF-8"?>
<!-- Generated by org.testng.reporters.JUnitReportReporter -->
<testsuite hostname="MSDT112" failures="0" tests="1" name="Bravvox.EventDeactivate" time="4.220" errors="0" timestamp="2022-04-12T17:29:25 IST" skipped="0">
  <testcase classname="Bravvox.EventDeactivate" name="deact" time="4.220"/>
  <system-out/>
</testsuite> <!-- Bravvox.EventDeactivate -->
