<?xml version="1.0" encoding="UTF-8"?>
<!-- Generated by org.testng.reporters.JUnitReportReporter -->
<testsuite hostname="MSDT112" failures="0" tests="1" name="TC_GET" time="1.954" errors="0" timestamp="2022-03-24T19:34:12 IST" skipped="0">
  <testcase classname="TC_GET" name="test_01" time="1.954"/>
  <system-out/>
</testsuite> <!-- TC_GET -->
