<?xml version="1.0" encoding="UTF-8"?>
<!-- Generated by org.testng.reporters.JUnitReportReporter -->
<testsuite hostname="MSDT112" failures="0" tests="1" name="Bravvox.EventResponse" time="1.639" errors="0" timestamp="2022-04-12T16:49:20 IST" skipped="0">
  <testcase classname="Bravvox.EventResponse" name="Userresponse" time="1.639"/>
  <system-out/>
</testsuite> <!-- Bravvox.EventResponse -->
