<?xml version="1.0" encoding="UTF-8"?>
<!-- Generated by org.testng.reporters.JUnitReportReporter -->
<testsuite hostname="MSDT112" failures="0" tests="4" name="MethodPatch" time="3.190" errors="0" timestamp="2022-04-05T17:11:58 IST" skipped="0">
  <testcase classname="MethodPatch" name="A" time="1.978"/>
  <system-out/>
  <testcase classname="MethodPatch" name="B" time="0.599"/>
  <system-out/>
  <testcase classname="MethodPatch" name="C" time="0.146"/>
  <system-out/>
  <testcase classname="MethodPatch" name="Delete" time="0.467"/>
  <system-out/>
</testsuite> <!-- MethodPatch -->
