<?xml version="1.0" encoding="UTF-8"?>
<!-- Generated by org.testng.reporters.JUnitReportReporter -->
<testsuite hostname="MSDT112" failures="0" tests="1" name="Bravvox.POST.RemoveAdmin" time="3.734" errors="0" timestamp="2022-04-13T18:09:54 IST" skipped="0">
  <testcase classname="Bravvox.POST.RemoveAdmin" name="Removeadmin" time="3.734"/>
  <system-out/>
</testsuite> <!-- Bravvox.POST.RemoveAdmin -->
