<?xml version="1.0" encoding="UTF-8"?>
<!-- Generated by org.testng.reporters.JUnitReportReporter -->
<testsuite hostname="MSDT112" failures="0" tests="1" name="Bravvox.AttendEvent" time="4.359" errors="0" timestamp="2022-04-12T19:22:09 IST" skipped="0">
  <testcase classname="Bravvox.AttendEvent" name="Attend" time="4.359"/>
  <system-out/>
</testsuite> <!-- Bravvox.AttendEvent -->
