<?xml version="1.0" encoding="UTF-8"?>
<!-- Generated by org.testng.reporters.JUnitReportReporter -->
<testsuite hostname="MSDT112" failures="0" tests="1" name="Test_POST" time="2.764" errors="0" timestamp="2022-04-04T16:45:34 IST" skipped="0">
  <testcase classname="Test_POST" name="Methododpost" time="2.764"/>
  <system-out/>
</testsuite> <!-- Test_POST -->
