<?xml version="1.0" encoding="UTF-8"?>
<!-- Generated by org.testng.reporters.JUnitReportReporter -->
<testsuite hostname="MSDT112" failures="0" tests="1" name="Authentication.Token" time="2.268" errors="0" timestamp="2022-03-30T18:15:31 IST" skipped="0">
  <testcase classname="Authentication.Token" name="token" time="2.268"/>
  <system-out/>
</testsuite> <!-- Authentication.Token -->
