<?xml version="1.0" encoding="UTF-8"?>
<!-- Generated by org.testng.reporters.JUnitReportReporter -->
<testsuite hostname="MSDT112" failures="0" tests="1" name="Bravvox.GET.Attendingresponse" time="1.857" errors="0" timestamp="2022-04-15T17:57:38 IST" skipped="0">
  <testcase classname="Bravvox.GET.Attendingresponse" name="Userresponse" time="1.857"/>
  <system-out/>
</testsuite> <!-- Bravvox.GET.Attendingresponse -->
