<?xml version="1.0" encoding="UTF-8"?>
<!-- Generated by org.testng.reporters.JUnitReportReporter -->
<testsuite hostname="MSDT112" failures="0" tests="1" name="Bravvox.Token" time="4.008" errors="0" timestamp="2022-04-12T12:51:23 IST" skipped="0">
  <testcase classname="Bravvox.Token" name="access" time="4.008"/>
  <system-out/>
</testsuite> <!-- Bravvox.Token -->
