<?xml version="1.0" encoding="UTF-8"?>
<!-- Generated by org.testng.reporters.JUnitReportReporter -->
<testsuite hostname="MSDT112" failures="0" tests="1" name="Bravvox.GET.SearchEvent" time="1.770" errors="0" timestamp="2022-04-15T17:57:38 IST" skipped="0">
  <testcase classname="Bravvox.GET.SearchEvent" name="SearchEvent" time="1.770"/>
  <system-out/>
</testsuite> <!-- Bravvox.GET.SearchEvent -->
