<?xml version="1.0" encoding="UTF-8"?>
<!-- Generated by org.testng.reporters.JUnitReportReporter -->
<testsuite hostname="MSDT112" failures="0" tests="1" name="Bravvox.EventDetails" time="1.874" errors="0" timestamp="2022-04-12T16:49:20 IST" skipped="0">
  <testcase classname="Bravvox.EventDetails" name="Evntdetail" time="1.874"/>
  <system-out/>
</testsuite> <!-- Bravvox.EventDetails -->
